{"E:\\luyentaphe\\portfolio\\Xet Chi Tieu\\backend\\src\\app.ts": {"path":"E:\\luyentaphe\\portfolio\\Xet Chi Tieu\\backend\\src\\app.ts","statementMap":{"0":{"start":{"line":1,"column":0},"end":{"line":1,"column":30}},"1":{"start":{"line":2,"column":0},"end":{"line":2,"column":24}},"2":{"start":{"line":3,"column":0},"end":{"line":3,"column":28}},"3":{"start":{"line":4,"column":0},"end":{"line":4,"column":41}},"4":{"start":{"line":6,"column":0},"end":{"line":6,"column":46}},"5":{"start":{"line":7,"column":0},"end":{"line":7,"column":54}},"6":{"start":{"line":8,"column":0},"end":{"line":8,"column":54}},"7":{"start":{"line":9,"column":0},"end":{"line":9,"column":60}},"8":{"start":{"line":10,"column":0},"end":{"line":10,"column":48}},"9":{"start":{"line":11,"column":0},"end":{"line":11,"column":50}},"10":{"start":{"line":12,"column":0},"end":{"line":12,"column":75}},"11":{"start":{"line":14,"column":12},"end":{"line":14,"column":21}},"12":{"start":{"line":19,"column":0},"end":{"line":19,"column":18}},"13":{"start":{"line":21,"column":23},"end":{"line":28,"column":2}},"14":{"start":{"line":30,"column":19},"end":{"line":33,"column":18}},"15":{"start":{"line":32,"column":14},"end":{"line":32,"column":41}},"16":{"start":{"line":35,"column":23},"end":{"line":35,"column":78}},"17":{"start":{"line":37,"column":0},"end":{"line":56,"column":2}},"18":{"start":{"line":41,"column":6},"end":{"line":43,"column":7}},"19":{"start":{"line":42,"column":8},"end":{"line":42,"column":36}},"20":{"start":{"line":44,"column":25},"end":{"line":44,"column":50}},"21":{"start":{"line":45,"column":6},"end":{"line":51,"column":7}},"22":{"start":{"line":50,"column":8},"end":{"line":50,"column":36}},"23":{"start":{"line":52,"column":6},"end":{"line":52,"column":60}},"24":{"start":{"line":61,"column":0},"end":{"line":61,"column":24}},"25":{"start":{"line":62,"column":0},"end":{"line":62,"column":48}},"26":{"start":{"line":63,"column":0},"end":{"line":63,"column":24}},"27":{"start":{"line":68,"column":0},"end":{"line":70,"column":3}},"28":{"start":{"line":69,"column":2},"end":{"line":69,"column":66}},"29":{"start":{"line":75,"column":19},"end":{"line":75,"column":28}},"30":{"start":{"line":77,"column":0},"end":{"line":77,"column":42}},"31":{"start":{"line":78,"column":0},"end":{"line":78,"column":50}},"32":{"start":{"line":79,"column":0},"end":{"line":79,"column":52}},"33":{"start":{"line":80,"column":0},"end":{"line":80,"column":57}},"34":{"start":{"line":81,"column":0},"end":{"line":81,"column":44}},"35":{"start":{"line":82,"column":0},"end":{"line":82,"column":47}},"36":{"start":{"line":87,"column":0},"end":{"line":87,"column":25}},"37":{"start":{"line":88,"column":0},"end":{"line":88,"column":22}},"38":{"start":{"line":90,"column":0},"end":{"line":90,"column":19}}},"fnMap":{"0":{"name":"(anonymous_1)","decl":{"start":{"line":32,"column":7},"end":{"line":32,"column":8}},"loc":{"start":{"line":32,"column":14},"end":{"line":32,"column":41}}},"1":{"name":"(anonymous_2)","decl":{"start":{"line":39,"column":12},"end":{"line":39,"column":13}},"loc":{"start":{"line":39,"column":33},"end":{"line":53,"column":5}}},"2":{"name":"(anonymous_3)","decl":{"start":{"line":68,"column":19},"end":{"line":68,"column":20}},"loc":{"start":{"line":68,"column":33},"end":{"line":70,"column":1}}}},"branchMap":{"0":{"loc":{"start":{"line":30,"column":20},"end":{"line":30,"column":50}},"type":"binary-expr","locations":[{"start":{"line":30,"column":20},"end":{"line":30,"column":44}},{"start":{"line":30,"column":48},"end":{"line":30,"column":50}}]},"1":{"loc":{"start":{"line":41,"column":6},"end":{"line":43,"column":7}},"type":"if","locations":[{"start":{"line":41,"column":6},"end":{"line":43,"column":7}},{"start":{},"end":{}}]},"2":{"loc":{"start":{"line":45,"column":6},"end":{"line":51,"column":7}},"type":"if","locations":[{"start":{"line":45,"column":6},"end":{"line":51,"column":7}},{"start":{},"end":{}}]},"3":{"loc":{"start":{"line":46,"column":8},"end":{"line":48,"column":50}},"type":"binary-expr","locations":[{"start":{"line":46,"column":8},"end":{"line":46,"column":43}},{"start":{"line":47,"column":8},"end":{"line":47,"column":50}},{"start":{"line":48,"column":8},"end":{"line":48,"column":50}}]}},"s":{"0":0,"1":0,"2":0,"3":0,"4":0,"5":0,"6":0,"7":0,"8":0,"9":0,"10":0,"11":0,"12":0,"13":0,"14":0,"15":0,"16":0,"17":0,"18":0,"19":0,"20":0,"21":0,"22":0,"23":0,"24":0,"25":0,"26":0,"27":0,"28":0,"29":0,"30":0,"31":0,"32":0,"33":0,"34":0,"35":0,"36":0,"37":0,"38":0},"f":{"0":0,"1":0,"2":0},"b":{"0":[0,0],"1":[0,0],"2":[0,0],"3":[0,0,0]}}
,"E:\\luyentaphe\\portfolio\\Xet Chi Tieu\\backend\\src\\controllers\\auth.controller.ts": {"path":"E:\\luyentaphe\\portfolio\\Xet Chi Tieu\\backend\\src\\controllers\\auth.controller.ts","statementMap":{"0":{"start":{"line":2,"column":0},"end":{"line":2,"column":55}},"1":{"start":{"line":3,"column":0},"end":{"line":3,"column":60}},"2":{"start":{"line":5,"column":28},"end":{"line":5,"column":42}},"3":{"start":{"line":6,"column":31},"end":{"line":12,"column":2}},"4":{"start":{"line":14,"column":13},"end":{"line":75,"column":2}},"5":{"start":{"line":16,"column":4},"end":{"line":28,"column":5}},"6":{"start":{"line":17,"column":19},"end":{"line":17,"column":49}},"7":{"start":{"line":18,"column":50},"end":{"line":21,"column":null}},"8":{"start":{"line":24,"column":6},"end":{"line":24,"column":76}},"9":{"start":{"line":25,"column":6},"end":{"line":25,"column":50}},"10":{"start":{"line":27,"column":6},"end":{"line":27,"column":16}},"11":{"start":{"line":32,"column":4},"end":{"line":43,"column":5}},"12":{"start":{"line":33,"column":19},"end":{"line":33,"column":46}},"13":{"start":{"line":34,"column":50},"end":{"line":36,"column":null}},"14":{"start":{"line":39,"column":6},"end":{"line":39,"column":76}},"15":{"start":{"line":40,"column":6},"end":{"line":40,"column":38}},"16":{"start":{"line":42,"column":6},"end":{"line":42,"column":16}},"17":{"start":{"line":47,"column":4},"end":{"line":53,"column":5}},"18":{"start":{"line":48,"column":27},"end":{"line":48,"column":61}},"19":{"start":{"line":49,"column":30},"end":{"line":49,"column":69}},"20":{"start":{"line":50,"column":6},"end":{"line":50,"column":32}},"21":{"start":{"line":52,"column":6},"end":{"line":52,"column":16}},"22":{"start":{"line":57,"column":4},"end":{"line":64,"column":5}},"23":{"start":{"line":58,"column":27},"end":{"line":58,"column":61}},"24":{"start":{"line":59,"column":6},"end":{"line":59,"column":45}},"25":{"start":{"line":60,"column":6},"end":{"line":60,"column":69}},"26":{"start":{"line":61,"column":6},"end":{"line":61,"column":52}},"27":{"start":{"line":63,"column":6},"end":{"line":63,"column":16}},"28":{"start":{"line":68,"column":4},"end":{"line":73,"column":5}},"29":{"start":{"line":69,"column":19},"end":{"line":69,"column":60}},"30":{"start":{"line":70,"column":6},"end":{"line":70,"column":25}},"31":{"start":{"line":72,"column":6},"end":{"line":72,"column":16}}},"fnMap":{"0":{"name":"(anonymous_0)","decl":{"start":{"line":15,"column":2},"end":{"line":15,"column":7}},"loc":{"start":{"line":15,"column":64},"end":{"line":29,"column":3}}},"1":{"name":"(anonymous_1)","decl":{"start":{"line":31,"column":2},"end":{"line":31,"column":7}},"loc":{"start":{"line":31,"column":61},"end":{"line":44,"column":3}}},"2":{"name":"(anonymous_2)","decl":{"start":{"line":46,"column":2},"end":{"line":46,"column":7}},"loc":{"start":{"line":46,"column":63},"end":{"line":54,"column":3}}},"3":{"name":"(anonymous_3)","decl":{"start":{"line":56,"column":2},"end":{"line":56,"column":7}},"loc":{"start":{"line":56,"column":62},"end":{"line":65,"column":3}}},"4":{"name":"(anonymous_4)","decl":{"start":{"line":67,"column":2},"end":{"line":67,"column":7}},"loc":{"start":{"line":67,"column":58},"end":{"line":74,"column":3}}}},"branchMap":{},"s":{"0":0,"1":0,"2":0,"3":0,"4":0,"5":0,"6":0,"7":0,"8":0,"9":0,"10":0,"11":0,"12":0,"13":0,"14":0,"15":0,"16":0,"17":0,"18":0,"19":0,"20":0,"21":0,"22":0,"23":0,"24":0,"25":0,"26":0,"27":0,"28":0,"29":0,"30":0,"31":0},"f":{"0":0,"1":0,"2":0,"3":0,"4":0},"b":{}}
,"E:\\luyentaphe\\portfolio\\Xet Chi Tieu\\backend\\src\\controllers\\budget.controller.ts": {"path":"E:\\luyentaphe\\portfolio\\Xet Chi Tieu\\backend\\src\\controllers\\budget.controller.ts","statementMap":{"0":{"start":{"line":2,"column":0},"end":{"line":2,"column":59}},"1":{"start":{"line":3,"column":0},"end":{"line":3,"column":71}},"2":{"start":{"line":4,"column":0},"end":{"line":4,"column":24}},"3":{"start":{"line":6,"column":26},"end":{"line":9,"column":2}},"4":{"start":{"line":11,"column":13},"end":{"line":62,"column":2}},"5":{"start":{"line":13,"column":4},"end":{"line":27,"column":5}},"6":{"start":{"line":14,"column":18},"end":{"line":14,"column":28}},"7":{"start":{"line":15,"column":20},"end":{"line":18,"column":8}},"8":{"start":{"line":19,"column":19},"end":{"line":22,"column":null}},"9":{"start":{"line":24,"column":6},"end":{"line":24,"column":25}},"10":{"start":{"line":26,"column":6},"end":{"line":26,"column":16}},"11":{"start":{"line":31,"column":4},"end":{"line":37,"column":5}},"12":{"start":{"line":32,"column":19},"end":{"line":32,"column":53}},"13":{"start":{"line":33,"column":21},"end":{"line":33,"column":77}},"14":{"start":{"line":34,"column":6},"end":{"line":34,"column":39}},"15":{"start":{"line":36,"column":6},"end":{"line":36,"column":16}},"16":{"start":{"line":41,"column":4},"end":{"line":51,"column":5}},"17":{"start":{"line":42,"column":19},"end":{"line":42,"column":53}},"18":{"start":{"line":43,"column":21},"end":{"line":46,"column":null}},"19":{"start":{"line":48,"column":6},"end":{"line":48,"column":27}},"20":{"start":{"line":50,"column":6},"end":{"line":50,"column":16}},"21":{"start":{"line":55,"column":4},"end":{"line":60,"column":5}},"22":{"start":{"line":56,"column":6},"end":{"line":56,"column":80}},"23":{"start":{"line":57,"column":6},"end":{"line":57,"column":29}},"24":{"start":{"line":59,"column":6},"end":{"line":59,"column":16}}},"fnMap":{"0":{"name":"(anonymous_0)","decl":{"start":{"line":12,"column":2},"end":{"line":12,"column":7}},"loc":{"start":{"line":12,"column":66},"end":{"line":28,"column":3}}},"1":{"name":"(anonymous_1)","decl":{"start":{"line":30,"column":2},"end":{"line":30,"column":7}},"loc":{"start":{"line":30,"column":68},"end":{"line":38,"column":3}}},"2":{"name":"(anonymous_2)","decl":{"start":{"line":40,"column":2},"end":{"line":40,"column":7}},"loc":{"start":{"line":40,"column":68},"end":{"line":52,"column":3}}},"3":{"name":"(anonymous_3)","decl":{"start":{"line":54,"column":2},"end":{"line":54,"column":7}},"loc":{"start":{"line":54,"column":68},"end":{"line":61,"column":3}}}},"branchMap":{"0":{"loc":{"start":{"line":16,"column":15},"end":{"line":16,"column":60}},"type":"binary-expr","locations":[{"start":{"line":16,"column":15},"end":{"line":16,"column":30}},{"start":{"line":16,"column":34},"end":{"line":16,"column":60}}]},"1":{"loc":{"start":{"line":17,"column":14},"end":{"line":17,"column":57}},"type":"binary-expr","locations":[{"start":{"line":17,"column":14},"end":{"line":17,"column":28}},{"start":{"line":17,"column":32},"end":{"line":17,"column":57}}]}},"s":{"0":0,"1":0,"2":0,"3":0,"4":0,"5":0,"6":0,"7":0,"8":0,"9":0,"10":0,"11":0,"12":0,"13":0,"14":0,"15":0,"16":0,"17":0,"18":0,"19":0,"20":0,"21":0,"22":0,"23":0,"24":0},"f":{"0":0,"1":0,"2":0,"3":0},"b":{"0":[0,0],"1":[0,0]}}
,"E:\\luyentaphe\\portfolio\\Xet Chi Tieu\\backend\\src\\controllers\\category.controller.ts": {"path":"E:\\luyentaphe\\portfolio\\Xet Chi Tieu\\backend\\src\\controllers\\category.controller.ts","statementMap":{"0":{"start":{"line":2,"column":0},"end":{"line":2,"column":63}},"1":{"start":{"line":3,"column":0},"end":{"line":3,"column":53}},"2":{"start":{"line":5,"column":13},"end":{"line":33,"column":2}},"3":{"start":{"line":7,"column":4},"end":{"line":12,"column":5}},"4":{"start":{"line":8,"column":19},"end":{"line":8,"column":72}},"5":{"start":{"line":9,"column":6},"end":{"line":9,"column":25}},"6":{"start":{"line":11,"column":6},"end":{"line":11,"column":16}},"7":{"start":{"line":16,"column":4},"end":{"line":22,"column":5}},"8":{"start":{"line":17,"column":19},"end":{"line":17,"column":55}},"9":{"start":{"line":18,"column":23},"end":{"line":18,"column":83}},"10":{"start":{"line":19,"column":6},"end":{"line":19,"column":41}},"11":{"start":{"line":21,"column":6},"end":{"line":21,"column":16}},"12":{"start":{"line":26,"column":4},"end":{"line":31,"column":5}},"13":{"start":{"line":27,"column":6},"end":{"line":27,"column":84}},"14":{"start":{"line":28,"column":6},"end":{"line":28,"column":29}},"15":{"start":{"line":30,"column":6},"end":{"line":30,"column":16}}},"fnMap":{"0":{"name":"(anonymous_0)","decl":{"start":{"line":6,"column":2},"end":{"line":6,"column":7}},"loc":{"start":{"line":6,"column":69},"end":{"line":13,"column":3}}},"1":{"name":"(anonymous_1)","decl":{"start":{"line":15,"column":2},"end":{"line":15,"column":7}},"loc":{"start":{"line":15,"column":70},"end":{"line":23,"column":3}}},"2":{"name":"(anonymous_2)","decl":{"start":{"line":25,"column":2},"end":{"line":25,"column":7}},"loc":{"start":{"line":25,"column":70},"end":{"line":32,"column":3}}}},"branchMap":{},"s":{"0":0,"1":0,"2":0,"3":0,"4":0,"5":0,"6":0,"7":0,"8":0,"9":0,"10":0,"11":0,"12":0,"13":0,"14":0,"15":0},"f":{"0":0,"1":0,"2":0},"b":{}}
,"E:\\luyentaphe\\portfolio\\Xet Chi Tieu\\backend\\src\\controllers\\settings.controller.ts": {"path":"E:\\luyentaphe\\portfolio\\Xet Chi Tieu\\backend\\src\\controllers\\settings.controller.ts","statementMap":{"0":{"start":{"line":2,"column":0},"end":{"line":2,"column":63}},"1":{"start":{"line":3,"column":0},"end":{"line":3,"column":53}},"2":{"start":{"line":5,"column":13},"end":{"line":24,"column":2}},"3":{"start":{"line":7,"column":4},"end":{"line":12,"column":5}},"4":{"start":{"line":8,"column":23},"end":{"line":8,"column":74}},"5":{"start":{"line":9,"column":6},"end":{"line":9,"column":29}},"6":{"start":{"line":11,"column":6},"end":{"line":11,"column":16}},"7":{"start":{"line":16,"column":4},"end":{"line":22,"column":5}},"8":{"start":{"line":17,"column":19},"end":{"line":17,"column":55}},"9":{"start":{"line":18,"column":23},"end":{"line":18,"column":83}},"10":{"start":{"line":19,"column":6},"end":{"line":19,"column":29}},"11":{"start":{"line":21,"column":6},"end":{"line":21,"column":16}}},"fnMap":{"0":{"name":"(anonymous_0)","decl":{"start":{"line":6,"column":2},"end":{"line":6,"column":7}},"loc":{"start":{"line":6,"column":67},"end":{"line":13,"column":3}}},"1":{"name":"(anonymous_1)","decl":{"start":{"line":15,"column":2},"end":{"line":15,"column":7}},"loc":{"start":{"line":15,"column":70},"end":{"line":23,"column":3}}}},"branchMap":{},"s":{"0":0,"1":0,"2":0,"3":0,"4":0,"5":0,"6":0,"7":0,"8":0,"9":0,"10":0,"11":0},"f":{"0":0,"1":0},"b":{}}
,"E:\\luyentaphe\\portfolio\\Xet Chi Tieu\\backend\\src\\controllers\\stats.controller.ts": {"path":"E:\\luyentaphe\\portfolio\\Xet Chi Tieu\\backend\\src\\controllers\\stats.controller.ts","statementMap":{"0":{"start":{"line":2,"column":0},"end":{"line":2,"column":57}},"1":{"start":{"line":3,"column":0},"end":{"line":3,"column":49}},"2":{"start":{"line":5,"column":13},"end":{"line":35,"column":2}},"3":{"start":{"line":7,"column":4},"end":{"line":13,"column":5}},"4":{"start":{"line":8,"column":20},"end":{"line":8,"column":53}},"5":{"start":{"line":9,"column":19},"end":{"line":9,"column":73}},"6":{"start":{"line":10,"column":6},"end":{"line":10,"column":21}},"7":{"start":{"line":12,"column":6},"end":{"line":12,"column":16}},"8":{"start":{"line":17,"column":4},"end":{"line":23,"column":5}},"9":{"start":{"line":18,"column":20},"end":{"line":18,"column":53}},"10":{"start":{"line":19,"column":19},"end":{"line":19,"column":76}},"11":{"start":{"line":20,"column":6},"end":{"line":20,"column":25}},"12":{"start":{"line":22,"column":6},"end":{"line":22,"column":16}},"13":{"start":{"line":27,"column":4},"end":{"line":33,"column":5}},"14":{"start":{"line":28,"column":20},"end":{"line":28,"column":53}},"15":{"start":{"line":29,"column":19},"end":{"line":29,"column":74}},"16":{"start":{"line":30,"column":6},"end":{"line":30,"column":25}},"17":{"start":{"line":32,"column":6},"end":{"line":32,"column":16}}},"fnMap":{"0":{"name":"(anonymous_0)","decl":{"start":{"line":6,"column":2},"end":{"line":6,"column":7}},"loc":{"start":{"line":6,"column":66},"end":{"line":14,"column":3}}},"1":{"name":"(anonymous_1)","decl":{"start":{"line":16,"column":2},"end":{"line":16,"column":7}},"loc":{"start":{"line":16,"column":69},"end":{"line":24,"column":3}}},"2":{"name":"(anonymous_2)","decl":{"start":{"line":26,"column":2},"end":{"line":26,"column":7}},"loc":{"start":{"line":26,"column":67},"end":{"line":34,"column":3}}}},"branchMap":{},"s":{"0":0,"1":0,"2":0,"3":0,"4":0,"5":0,"6":0,"7":0,"8":0,"9":0,"10":0,"11":0,"12":0,"13":0,"14":0,"15":0,"16":0,"17":0},"f":{"0":0,"1":0,"2":0},"b":{}}
,"E:\\luyentaphe\\portfolio\\Xet Chi Tieu\\backend\\src\\controllers\\transaction.controller.ts": {"path":"E:\\luyentaphe\\portfolio\\Xet Chi Tieu\\backend\\src\\controllers\\transaction.controller.ts","statementMap":{"0":{"start":{"line":2,"column":0},"end":{"line":2,"column":69}},"1":{"start":{"line":3,"column":0},"end":{"line":3,"column":null}},"2":{"start":{"line":9,"column":13},"end":{"line":84,"column":2}},"3":{"start":{"line":11,"column":4},"end":{"line":17,"column":5}},"4":{"start":{"line":12,"column":20},"end":{"line":12,"column":59}},"5":{"start":{"line":13,"column":21},"end":{"line":13,"column":86}},"6":{"start":{"line":14,"column":6},"end":{"line":14,"column":23}},"7":{"start":{"line":16,"column":6},"end":{"line":16,"column":16}},"8":{"start":{"line":21,"column":4},"end":{"line":29,"column":5}},"9":{"start":{"line":22,"column":26},"end":{"line":24,"column":null}},"10":{"start":{"line":26,"column":6},"end":{"line":26,"column":32}},"11":{"start":{"line":28,"column":6},"end":{"line":28,"column":16}},"12":{"start":{"line":33,"column":4},"end":{"line":42,"column":5}},"13":{"start":{"line":34,"column":19},"end":{"line":34,"column":58}},"14":{"start":{"line":35,"column":26},"end":{"line":37,"column":null}},"15":{"start":{"line":39,"column":6},"end":{"line":39,"column":44}},"16":{"start":{"line":41,"column":6},"end":{"line":41,"column":16}},"17":{"start":{"line":46,"column":4},"end":{"line":56,"column":5}},"18":{"start":{"line":47,"column":19},"end":{"line":47,"column":58}},"19":{"start":{"line":48,"column":26},"end":{"line":51,"column":null}},"20":{"start":{"line":53,"column":6},"end":{"line":53,"column":32}},"21":{"start":{"line":55,"column":6},"end":{"line":55,"column":16}},"22":{"start":{"line":60,"column":4},"end":{"line":65,"column":5}},"23":{"start":{"line":61,"column":6},"end":{"line":61,"column":90}},"24":{"start":{"line":62,"column":6},"end":{"line":62,"column":29}},"25":{"start":{"line":64,"column":6},"end":{"line":64,"column":16}},"26":{"start":{"line":69,"column":4},"end":{"line":82,"column":5}},"27":{"start":{"line":70,"column":20},"end":{"line":70,"column":59}},"28":{"start":{"line":71,"column":18},"end":{"line":71,"column":79}},"29":{"start":{"line":73,"column":6},"end":{"line":73,"column":63}},"30":{"start":{"line":74,"column":6},"end":{"line":77,"column":8}},"31":{"start":{"line":79,"column":6},"end":{"line":79,"column":31}},"32":{"start":{"line":81,"column":6},"end":{"line":81,"column":16}}},"fnMap":{"0":{"name":"(anonymous_0)","decl":{"start":{"line":10,"column":2},"end":{"line":10,"column":7}},"loc":{"start":{"line":10,"column":71},"end":{"line":18,"column":3}}},"1":{"name":"(anonymous_1)","decl":{"start":{"line":20,"column":2},"end":{"line":20,"column":7}},"loc":{"start":{"line":20,"column":74},"end":{"line":30,"column":3}}},"2":{"name":"(anonymous_2)","decl":{"start":{"line":32,"column":2},"end":{"line":32,"column":7}},"loc":{"start":{"line":32,"column":73},"end":{"line":43,"column":3}}},"3":{"name":"(anonymous_3)","decl":{"start":{"line":45,"column":2},"end":{"line":45,"column":7}},"loc":{"start":{"line":45,"column":73},"end":{"line":57,"column":3}}},"4":{"name":"(anonymous_4)","decl":{"start":{"line":59,"column":2},"end":{"line":59,"column":7}},"loc":{"start":{"line":59,"column":73},"end":{"line":66,"column":3}}},"5":{"name":"(anonymous_5)","decl":{"start":{"line":68,"column":2},"end":{"line":68,"column":7}},"loc":{"start":{"line":68,"column":65},"end":{"line":83,"column":3}}}},"branchMap":{},"s":{"0":0,"1":0,"2":0,"3":0,"4":0,"5":0,"6":0,"7":0,"8":0,"9":0,"10":0,"11":0,"12":0,"13":0,"14":0,"15":0,"16":0,"17":0,"18":0,"19":0,"20":0,"21":0,"22":0,"23":0,"24":0,"25":0,"26":0,"27":0,"28":0,"29":0,"30":0,"31":0,"32":0},"f":{"0":0,"1":0,"2":0,"3":0,"4":0,"5":0},"b":{}}
,"E:\\luyentaphe\\portfolio\\Xet Chi Tieu\\backend\\src\\lib\\logger.ts": {"path":"E:\\luyentaphe\\portfolio\\Xet Chi Tieu\\backend\\src\\lib\\logger.ts","statementMap":{"0":{"start":{"line":1,"column":0},"end":{"line":1,"column":30}},"1":{"start":{"line":3,"column":63},"end":{"line":3,"column":77}},"2":{"start":{"line":5,"column":13},"end":{"line":21,"column":3}}},"fnMap":{},"branchMap":{"0":{"loc":{"start":{"line":6,"column":9},"end":{"line":6,"column":65}},"type":"cond-expr","locations":[{"start":{"line":6,"column":49},"end":{"line":6,"column":55}},{"start":{"line":6,"column":58},"end":{"line":6,"column":65}}]},"1":{"loc":{"start":{"line":16,"column":8},"end":{"line":18,"column":41}},"type":"cond-expr","locations":[{"start":{"line":17,"column":12},"end":{"line":17,"column":18}},{"start":{"line":18,"column":12},"end":{"line":18,"column":41}}]}},"s":{"0":0,"1":0,"2":0},"f":{},"b":{"0":[0,0],"1":[0,0]}}
,"E:\\luyentaphe\\portfolio\\Xet Chi Tieu\\backend\\src\\lib\\prisma.ts": {"path":"E:\\luyentaphe\\portfolio\\Xet Chi Tieu\\backend\\src\\lib\\prisma.ts","statementMap":{"0":{"start":{"line":1,"column":0},"end":{"line":1,"column":46}},"1":{"start":{"line":8,"column":13},"end":{"line":15,"column":5}},"2":{"start":{"line":17,"column":0},"end":{"line":19,"column":1}},"3":{"start":{"line":18,"column":2},"end":{"line":18,"column":31}}},"fnMap":{},"branchMap":{"0":{"loc":{"start":{"line":9,"column":2},"end":{"line":15,"column":4}},"type":"binary-expr","locations":[{"start":{"line":9,"column":2},"end":{"line":9,"column":21}},{"start":{"line":10,"column":2},"end":{"line":15,"column":4}}]},"1":{"loc":{"start":{"line":12,"column":6},"end":{"line":14,"column":19}},"type":"cond-expr","locations":[{"start":{"line":13,"column":10},"end":{"line":13,"column":36}},{"start":{"line":14,"column":10},"end":{"line":14,"column":19}}]},"2":{"loc":{"start":{"line":17,"column":0},"end":{"line":19,"column":1}},"type":"if","locations":[{"start":{"line":17,"column":0},"end":{"line":19,"column":1}},{"start":{},"end":{}}]}},"s":{"0":0,"1":0,"2":0,"3":0},"f":{},"b":{"0":[0,0],"1":[0,0],"2":[0,0]}}
,"E:\\luyentaphe\\portfolio\\Xet Chi Tieu\\backend\\src\\middlewares\\auth.ts": {"path":"E:\\luyentaphe\\portfolio\\Xet Chi Tieu\\backend\\src\\middlewares\\auth.ts","statementMap":{"0":{"start":{"line":25,"column":0},"end":{"line":25,"column":16}},"1":{"start":{"line":2,"column":0},"end":{"line":2,"column":31}},"2":{"start":{"line":3,"column":0},"end":{"line":3,"column":43}},"3":{"start":{"line":30,"column":2},"end":{"line":55,"column":3}},"4":{"start":{"line":31,"column":23},"end":{"line":31,"column":48}},"5":{"start":{"line":33,"column":4},"end":{"line":35,"column":5}},"6":{"start":{"line":34,"column":6},"end":{"line":34,"column":71}},"7":{"start":{"line":37,"column":18},"end":{"line":37,"column":42}},"8":{"start":{"line":38,"column":19},"end":{"line":38,"column":48}},"9":{"start":{"line":40,"column":4},"end":{"line":42,"column":5}},"10":{"start":{"line":41,"column":6},"end":{"line":41,"column":58}},"11":{"start":{"line":44,"column":20},"end":{"line":44,"column":60}},"12":{"start":{"line":45,"column":4},"end":{"line":45,"column":23}},"13":{"start":{"line":46,"column":4},"end":{"line":46,"column":11}},"14":{"start":{"line":48,"column":4},"end":{"line":54,"column":5}},"15":{"start":{"line":49,"column":6},"end":{"line":49,"column":16}},"16":{"start":{"line":50,"column":11},"end":{"line":54,"column":5}},"17":{"start":{"line":51,"column":6},"end":{"line":51,"column":69}},"18":{"start":{"line":53,"column":6},"end":{"line":53,"column":16}}},"fnMap":{"0":{"name":"authenticate","decl":{"start":{"line":25,"column":16},"end":{"line":25,"column":28}},"loc":{"start":{"line":28,"column":20},"end":{"line":56,"column":1}}}},"branchMap":{"0":{"loc":{"start":{"line":33,"column":4},"end":{"line":35,"column":5}},"type":"if","locations":[{"start":{"line":33,"column":4},"end":{"line":35,"column":5}},{"start":{},"end":{}}]},"1":{"loc":{"start":{"line":33,"column":8},"end":{"line":33,"column":56}},"type":"binary-expr","locations":[{"start":{"line":33,"column":8},"end":{"line":33,"column":19}},{"start":{"line":33,"column":23},"end":{"line":33,"column":56}}]},"2":{"loc":{"start":{"line":40,"column":4},"end":{"line":42,"column":5}},"type":"if","locations":[{"start":{"line":40,"column":4},"end":{"line":42,"column":5}},{"start":{},"end":{}}]},"3":{"loc":{"start":{"line":48,"column":4},"end":{"line":54,"column":5}},"type":"if","locations":[{"start":{"line":48,"column":4},"end":{"line":54,"column":5}},{"start":{"line":50,"column":11},"end":{"line":54,"column":5}}]},"4":{"loc":{"start":{"line":50,"column":11},"end":{"line":54,"column":5}},"type":"if","locations":[{"start":{"line":50,"column":11},"end":{"line":54,"column":5}},{"start":{"line":52,"column":11},"end":{"line":54,"column":5}}]}},"s":{"0":1,"1":1,"2":1,"3":3,"4":3,"5":3,"6":2,"7":1,"8":1,"9":1,"10":0,"11":1,"12":1,"13":1,"14":2,"15":2,"16":0,"17":0,"18":0},"f":{"0":3},"b":{"0":[2,1],"1":[3,2],"2":[0,1],"3":[2,0],"4":[0,0]}}
,"E:\\luyentaphe\\portfolio\\Xet Chi Tieu\\backend\\src\\middlewares\\errorHandler.ts": {"path":"E:\\luyentaphe\\portfolio\\Xet Chi Tieu\\backend\\src\\middlewares\\errorHandler.ts","statementMap":{"0":{"start":{"line":11,"column":0},"end":{"line":11,"column":16}},"1":{"start":{"line":62,"column":0},"end":{"line":62,"column":16}},"2":{"start":{"line":2,"column":0},"end":{"line":2,"column":31}},"3":{"start":{"line":3,"column":0},"end":{"line":3,"column":54}},"4":{"start":{"line":4,"column":0},"end":{"line":4,"column":39}},"5":{"start":{"line":18,"column":2},"end":{"line":27,"column":3}},"6":{"start":{"line":19,"column":21},"end":{"line":19,"column":95}},"7":{"start":{"line":19,"column":48},"end":{"line":19,"column":83}},"8":{"start":{"line":20,"column":4},"end":{"line":25,"column":7}},"9":{"start":{"line":26,"column":4},"end":{"line":26,"column":11}},"10":{"start":{"line":30,"column":2},"end":{"line":38,"column":3}},"11":{"start":{"line":31,"column":4},"end":{"line":36,"column":7}},"12":{"start":{"line":37,"column":4},"end":{"line":37,"column":11}},"13":{"start":{"line":41,"column":2},"end":{"line":46,"column":5}},"14":{"start":{"line":48,"column":2},"end":{"line":56,"column":5}},"15":{"start":{"line":63,"column":2},"end":{"line":68,"column":5}}},"fnMap":{"0":{"name":"errorHandler","decl":{"start":{"line":11,"column":16},"end":{"line":11,"column":28}},"loc":{"start":{"line":15,"column":21},"end":{"line":57,"column":1}}},"1":{"name":"(anonymous_1)","decl":{"start":{"line":19,"column":36},"end":{"line":19,"column":37}},"loc":{"start":{"line":19,"column":48},"end":{"line":19,"column":83}}},"2":{"name":"notFoundHandler","decl":{"start":{"line":62,"column":16},"end":{"line":62,"column":31}},"loc":{"start":{"line":62,"column":59},"end":{"line":69,"column":1}}}},"branchMap":{"0":{"loc":{"start":{"line":18,"column":2},"end":{"line":27,"column":3}},"type":"if","locations":[{"start":{"line":18,"column":2},"end":{"line":27,"column":3}},{"start":{},"end":{}}]},"1":{"loc":{"start":{"line":30,"column":2},"end":{"line":38,"column":3}},"type":"if","locations":[{"start":{"line":30,"column":2},"end":{"line":38,"column":3}},{"start":{},"end":{}}]},"2":{"loc":{"start":{"line":52,"column":8},"end":{"line":54,"column":23}},"type":"cond-expr","locations":[{"start":{"line":53,"column":12},"end":{"line":53,"column":35}},{"start":{"line":54,"column":12},"end":{"line":54,"column":23}}]}},"s":{"0":0,"1":0,"2":0,"3":0,"4":0,"5":0,"6":0,"7":0,"8":0,"9":0,"10":0,"11":0,"12":0,"13":0,"14":0,"15":0},"f":{"0":0,"1":0,"2":0},"b":{"0":[0,0],"1":[0,0],"2":[0,0]}}
,"E:\\luyentaphe\\portfolio\\Xet Chi Tieu\\backend\\src\\routes\\auth.routes.ts": {"path":"E:\\luyentaphe\\portfolio\\Xet Chi Tieu\\backend\\src\\routes\\auth.routes.ts","statementMap":{"0":{"start":{"line":1,"column":0},"end":{"line":1,"column":33}},"1":{"start":{"line":2,"column":0},"end":{"line":2,"column":43}},"2":{"start":{"line":3,"column":0},"end":{"line":3,"column":64}},"3":{"start":{"line":4,"column":0},"end":{"line":4,"column":51}},"4":{"start":{"line":6,"column":15},"end":{"line":6,"column":23}},"5":{"start":{"line":9,"column":20},"end":{"line":20,"column":2}},"6":{"start":{"line":22,"column":0},"end":{"line":22,"column":63}},"7":{"start":{"line":23,"column":0},"end":{"line":23,"column":57}},"8":{"start":{"line":24,"column":0},"end":{"line":24,"column":48}},"9":{"start":{"line":25,"column":0},"end":{"line":25,"column":60}},"10":{"start":{"line":26,"column":0},"end":{"line":26,"column":51}},"11":{"start":{"line":28,"column":0},"end":{"line":28,"column":22}}},"fnMap":{},"branchMap":{"0":{"loc":{"start":{"line":10,"column":12},"end":{"line":10,"column":62}},"type":"binary-expr","locations":[{"start":{"line":10,"column":12},"end":{"line":10,"column":52}},{"start":{"line":10,"column":56},"end":{"line":10,"column":62}}]},"1":{"loc":{"start":{"line":11,"column":7},"end":{"line":11,"column":55}},"type":"binary-expr","locations":[{"start":{"line":11,"column":7},"end":{"line":11,"column":50}},{"start":{"line":11,"column":54},"end":{"line":11,"column":55}}]}},"s":{"0":0,"1":0,"2":0,"3":0,"4":0,"5":0,"6":0,"7":0,"8":0,"9":0,"10":0,"11":0},"f":{},"b":{"0":[0,0],"1":[0,0]}}
,"E:\\luyentaphe\\portfolio\\Xet Chi Tieu\\backend\\src\\routes\\budget.routes.ts": {"path":"E:\\luyentaphe\\portfolio\\Xet Chi Tieu\\backend\\src\\routes\\budget.routes.ts","statementMap":{"0":{"start":{"line":1,"column":0},"end":{"line":1,"column":33}},"1":{"start":{"line":2,"column":0},"end":{"line":2,"column":68}},"2":{"start":{"line":3,"column":0},"end":{"line":3,"column":51}},"3":{"start":{"line":5,"column":15},"end":{"line":5,"column":23}},"4":{"start":{"line":6,"column":0},"end":{"line":6,"column":25}},"5":{"start":{"line":8,"column":0},"end":{"line":8,"column":45}},"6":{"start":{"line":9,"column":0},"end":{"line":9,"column":48}},"7":{"start":{"line":10,"column":0},"end":{"line":10,"column":50}},"8":{"start":{"line":11,"column":0},"end":{"line":11,"column":53}},"9":{"start":{"line":13,"column":0},"end":{"line":13,"column":22}}},"fnMap":{},"branchMap":{},"s":{"0":0,"1":0,"2":0,"3":0,"4":0,"5":0,"6":0,"7":0,"8":0,"9":0},"f":{},"b":{}}
,"E:\\luyentaphe\\portfolio\\Xet Chi Tieu\\backend\\src\\routes\\category.routes.ts": {"path":"E:\\luyentaphe\\portfolio\\Xet Chi Tieu\\backend\\src\\routes\\category.routes.ts","statementMap":{"0":{"start":{"line":1,"column":0},"end":{"line":1,"column":33}},"1":{"start":{"line":2,"column":0},"end":{"line":2,"column":72}},"2":{"start":{"line":3,"column":0},"end":{"line":3,"column":51}},"3":{"start":{"line":5,"column":15},"end":{"line":5,"column":23}},"4":{"start":{"line":6,"column":0},"end":{"line":6,"column":25}},"5":{"start":{"line":8,"column":0},"end":{"line":8,"column":50}},"6":{"start":{"line":9,"column":0},"end":{"line":9,"column":52}},"7":{"start":{"line":10,"column":0},"end":{"line":10,"column":57}},"8":{"start":{"line":12,"column":0},"end":{"line":12,"column":22}}},"fnMap":{},"branchMap":{},"s":{"0":0,"1":0,"2":0,"3":0,"4":0,"5":0,"6":0,"7":0,"8":0},"f":{},"b":{}}
,"E:\\luyentaphe\\portfolio\\Xet Chi Tieu\\backend\\src\\routes\\settings.routes.ts": {"path":"E:\\luyentaphe\\portfolio\\Xet Chi Tieu\\backend\\src\\routes\\settings.routes.ts","statementMap":{"0":{"start":{"line":1,"column":0},"end":{"line":1,"column":33}},"1":{"start":{"line":2,"column":0},"end":{"line":2,"column":72}},"2":{"start":{"line":3,"column":0},"end":{"line":3,"column":51}},"3":{"start":{"line":5,"column":15},"end":{"line":5,"column":23}},"4":{"start":{"line":6,"column":0},"end":{"line":6,"column":25}},"5":{"start":{"line":8,"column":0},"end":{"line":8,"column":48}},"6":{"start":{"line":9,"column":0},"end":{"line":9,"column":51}},"7":{"start":{"line":11,"column":0},"end":{"line":11,"column":22}}},"fnMap":{},"branchMap":{},"s":{"0":0,"1":0,"2":0,"3":0,"4":0,"5":0,"6":0,"7":0},"f":{},"b":{}}
,"E:\\luyentaphe\\portfolio\\Xet Chi Tieu\\backend\\src\\routes\\stats.routes.ts": {"path":"E:\\luyentaphe\\portfolio\\Xet Chi Tieu\\backend\\src\\routes\\stats.routes.ts","statementMap":{"0":{"start":{"line":1,"column":0},"end":{"line":1,"column":33}},"1":{"start":{"line":2,"column":0},"end":{"line":2,"column":66}},"2":{"start":{"line":3,"column":0},"end":{"line":3,"column":51}},"3":{"start":{"line":5,"column":15},"end":{"line":5,"column":23}},"4":{"start":{"line":6,"column":0},"end":{"line":6,"column":25}},"5":{"start":{"line":8,"column":0},"end":{"line":8,"column":51}},"6":{"start":{"line":9,"column":0},"end":{"line":9,"column":58}},"7":{"start":{"line":10,"column":0},"end":{"line":10,"column":53}},"8":{"start":{"line":12,"column":0},"end":{"line":12,"column":22}}},"fnMap":{},"branchMap":{},"s":{"0":0,"1":0,"2":0,"3":0,"4":0,"5":0,"6":0,"7":0,"8":0},"f":{},"b":{}}
,"E:\\luyentaphe\\portfolio\\Xet Chi Tieu\\backend\\src\\routes\\transaction.routes.ts": {"path":"E:\\luyentaphe\\portfolio\\Xet Chi Tieu\\backend\\src\\routes\\transaction.routes.ts","statementMap":{"0":{"start":{"line":1,"column":0},"end":{"line":1,"column":33}},"1":{"start":{"line":2,"column":0},"end":{"line":2,"column":78}},"2":{"start":{"line":3,"column":0},"end":{"line":3,"column":51}},"3":{"start":{"line":5,"column":15},"end":{"line":5,"column":23}},"4":{"start":{"line":6,"column":0},"end":{"line":6,"column":25}},"5":{"start":{"line":9,"column":0},"end":{"line":9,"column":55}},"6":{"start":{"line":11,"column":0},"end":{"line":11,"column":55}},"7":{"start":{"line":12,"column":0},"end":{"line":12,"column":58}},"8":{"start":{"line":13,"column":0},"end":{"line":13,"column":61}},"9":{"start":{"line":14,"column":0},"end":{"line":14,"column":60}},"10":{"start":{"line":15,"column":0},"end":{"line":15,"column":63}},"11":{"start":{"line":17,"column":0},"end":{"line":17,"column":22}}},"fnMap":{},"branchMap":{},"s":{"0":0,"1":0,"2":0,"3":0,"4":0,"5":0,"6":0,"7":0,"8":0,"9":0,"10":0,"11":0},"f":{},"b":{}}
,"E:\\luyentaphe\\portfolio\\Xet Chi Tieu\\backend\\src\\services\\auth.service.ts": {"path":"E:\\luyentaphe\\portfolio\\Xet Chi Tieu\\backend\\src\\services\\auth.service.ts","statementMap":{"0":{"start":{"line":1,"column":0},"end":{"line":1,"column":30}},"1":{"start":{"line":2,"column":0},"end":{"line":2,"column":31}},"2":{"start":{"line":3,"column":0},"end":{"line":3,"column":39}},"3":{"start":{"line":4,"column":0},"end":{"line":4,"column":43}},"4":{"start":{"line":7,"column":22},"end":{"line":7,"column":24}},"5":{"start":{"line":10,"column":14},"end":{"line":10,"column":30}},"6":{"start":{"line":11,"column":2},"end":{"line":11,"column":68}},"7":{"start":{"line":11,"column":12},"end":{"line":11,"column":68}},"8":{"start":{"line":12,"column":2},"end":{"line":12,"column":13}},"9":{"start":{"line":19,"column":2},"end":{"line":21,"column":5}},"10":{"start":{"line":25,"column":2},"end":{"line":27,"column":5}},"11":{"start":{"line":33,"column":13},"end":{"line":178,"column":2}},"12":{"start":{"line":40,"column":21},"end":{"line":40,"column":71}},"13":{"start":{"line":41,"column":4},"end":{"line":43,"column":5}},"14":{"start":{"line":42,"column":6},"end":{"line":42,"column":59}},"15":{"start":{"line":45,"column":25},"end":{"line":45,"column":67}},"16":{"start":{"line":48,"column":17},"end":{"line":73,"column":6}},"17":{"start":{"line":49,"column":22},"end":{"line":71,"column":8}},"18":{"start":{"line":72,"column":6},"end":{"line":72,"column":21}},"19":{"start":{"line":75,"column":33},"end":{"line":75,"column":71}},"20":{"start":{"line":76,"column":24},"end":{"line":76,"column":52}},"21":{"start":{"line":77,"column":25},"end":{"line":77,"column":54}},"22":{"start":{"line":80,"column":22},"end":{"line":80,"column":68}},"23":{"start":{"line":81,"column":4},"end":{"line":83,"column":7}},"24":{"start":{"line":85,"column":4},"end":{"line":85,"column":47}},"25":{"start":{"line":92,"column":17},"end":{"line":102,"column":6}},"26":{"start":{"line":104,"column":4},"end":{"line":106,"column":5}},"27":{"start":{"line":105,"column":6},"end":{"line":105,"column":73}},"28":{"start":{"line":108,"column":20},"end":{"line":108,"column":69}},"29":{"start":{"line":109,"column":4},"end":{"line":111,"column":5}},"30":{"start":{"line":110,"column":6},"end":{"line":110,"column":73}},"31":{"start":{"line":113,"column":33},"end":{"line":113,"column":71}},"32":{"start":{"line":114,"column":24},"end":{"line":114,"column":52}},"33":{"start":{"line":115,"column":25},"end":{"line":115,"column":54}},"34":{"start":{"line":118,"column":22},"end":{"line":118,"column":68}},"35":{"start":{"line":119,"column":4},"end":{"line":121,"column":7}},"36":{"start":{"line":124,"column":45},"end":{"line":124,"column":49}},"37":{"start":{"line":125,"column":4},"end":{"line":125,"column":57}},"38":{"start":{"line":132,"column":19},"end":{"line":134,"column":6}},"39":{"start":{"line":136,"column":4},"end":{"line":138,"column":5}},"40":{"start":{"line":137,"column":6},"end":{"line":137,"column":80}},"41":{"start":{"line":141,"column":4},"end":{"line":145,"column":5}},"42":{"start":{"line":142,"column":6},"end":{"line":142,"column":86}},"43":{"start":{"line":144,"column":6},"end":{"line":144,"column":64}},"44":{"start":{"line":147,"column":24},"end":{"line":147,"column":52}},"45":{"start":{"line":148,"column":4},"end":{"line":148,"column":27}},"46":{"start":{"line":155,"column":4},"end":{"line":157,"column":5}},"47":{"start":{"line":156,"column":6},"end":{"line":156,"column":79}},"48":{"start":{"line":164,"column":17},"end":{"line":173,"column":6}},"49":{"start":{"line":175,"column":4},"end":{"line":175,"column":67}},"50":{"start":{"line":175,"column":15},"end":{"line":175,"column":67}},"51":{"start":{"line":176,"column":4},"end":{"line":176,"column":16}}},"fnMap":{"0":{"name":"getEnv","decl":{"start":{"line":9,"column":9},"end":{"line":9,"column":15}},"loc":{"start":{"line":9,"column":27},"end":{"line":13,"column":1}}},"1":{"name":"generateAccessToken","decl":{"start":{"line":18,"column":9},"end":{"line":18,"column":28}},"loc":{"start":{"line":18,"column":49},"end":{"line":22,"column":1}}},"2":{"name":"generateRefreshToken","decl":{"start":{"line":24,"column":9},"end":{"line":24,"column":29}},"loc":{"start":{"line":24,"column":50},"end":{"line":28,"column":1}}},"3":{"name":"(anonymous_4)","decl":{"start":{"line":38,"column":2},"end":{"line":38,"column":7}},"loc":{"start":{"line":38,"column":62},"end":{"line":86,"column":3}}},"4":{"name":"(anonymous_5)","decl":{"start":{"line":48,"column":43},"end":{"line":48,"column":48}},"loc":{"start":{"line":48,"column":56},"end":{"line":73,"column":5}}},"5":{"name":"(anonymous_6)","decl":{"start":{"line":91,"column":2},"end":{"line":91,"column":7}},"loc":{"start":{"line":91,"column":45},"end":{"line":126,"column":3}}},"6":{"name":"(anonymous_7)","decl":{"start":{"line":131,"column":2},"end":{"line":131,"column":7}},"loc":{"start":{"line":131,"column":36},"end":{"line":149,"column":3}}},"7":{"name":"(anonymous_8)","decl":{"start":{"line":154,"column":2},"end":{"line":154,"column":7}},"loc":{"start":{"line":154,"column":47},"end":{"line":158,"column":3}}},"8":{"name":"(anonymous_9)","decl":{"start":{"line":163,"column":2},"end":{"line":163,"column":7}},"loc":{"start":{"line":163,"column":28},"end":{"line":177,"column":3}}}},"branchMap":{"0":{"loc":{"start":{"line":11,"column":2},"end":{"line":11,"column":68}},"type":"if","locations":[{"start":{"line":11,"column":2},"end":{"line":11,"column":68}},{"start":{},"end":{}}]},"1":{"loc":{"start":{"line":20,"column":16},"end":{"line":20,"column":66}},"type":"binary-expr","locations":[{"start":{"line":20,"column":16},"end":{"line":20,"column":57}},{"start":{"line":20,"column":61},"end":{"line":20,"column":66}}]},"2":{"loc":{"start":{"line":26,"column":16},"end":{"line":26,"column":66}},"type":"binary-expr","locations":[{"start":{"line":26,"column":16},"end":{"line":26,"column":58}},{"start":{"line":26,"column":62},"end":{"line":26,"column":66}}]},"3":{"loc":{"start":{"line":41,"column":4},"end":{"line":43,"column":5}},"type":"if","locations":[{"start":{"line":41,"column":4},"end":{"line":43,"column":5}},{"start":{},"end":{}}]},"4":{"loc":{"start":{"line":104,"column":4},"end":{"line":106,"column":5}},"type":"if","locations":[{"start":{"line":104,"column":4},"end":{"line":106,"column":5}},{"start":{},"end":{}}]},"5":{"loc":{"start":{"line":109,"column":4},"end":{"line":111,"column":5}},"type":"if","locations":[{"start":{"line":109,"column":4},"end":{"line":111,"column":5}},{"start":{},"end":{}}]},"6":{"loc":{"start":{"line":136,"column":4},"end":{"line":138,"column":5}},"type":"if","locations":[{"start":{"line":136,"column":4},"end":{"line":138,"column":5}},{"start":{},"end":{}}]},"7":{"loc":{"start":{"line":136,"column":8},"end":{"line":136,"column":48}},"type":"binary-expr","locations":[{"start":{"line":136,"column":8},"end":{"line":136,"column":15}},{"start":{"line":136,"column":19},"end":{"line":136,"column":48}}]},"8":{"loc":{"start":{"line":155,"column":4},"end":{"line":157,"column":5}},"type":"if","locations":[{"start":{"line":155,"column":4},"end":{"line":157,"column":5}},{"start":{},"end":{}}]},"9":{"loc":{"start":{"line":175,"column":4},"end":{"line":175,"column":67}},"type":"if","locations":[{"start":{"line":175,"column":4},"end":{"line":175,"column":67}},{"start":{},"end":{}}]}},"s":{"0":0,"1":0,"2":0,"3":0,"4":0,"5":0,"6":0,"7":0,"8":0,"9":0,"10":0,"11":0,"12":0,"13":0,"14":0,"15":0,"16":0,"17":0,"18":0,"19":0,"20":0,"21":0,"22":0,"23":0,"24":0,"25":0,"26":0,"27":0,"28":0,"29":0,"30":0,"31":0,"32":0,"33":0,"34":0,"35":0,"36":0,"37":0,"38":0,"39":0,"40":0,"41":0,"42":0,"43":0,"44":0,"45":0,"46":0,"47":0,"48":0,"49":0,"50":0,"51":0},"f":{"0":0,"1":0,"2":0,"3":0,"4":0,"5":0,"6":0,"7":0,"8":0},"b":{"0":[0,0],"1":[0,0],"2":[0,0],"3":[0,0],"4":[0,0],"5":[0,0],"6":[0,0],"7":[0,0],"8":[0,0],"9":[0,0]}}
,"E:\\luyentaphe\\portfolio\\Xet Chi Tieu\\backend\\src\\services\\budget.service.ts": {"path":"E:\\luyentaphe\\portfolio\\Xet Chi Tieu\\backend\\src\\services\\budget.service.ts","statementMap":{"0":{"start":{"line":1,"column":0},"end":{"line":1,"column":39}},"1":{"start":{"line":2,"column":0},"end":{"line":2,"column":43}},"2":{"start":{"line":4,"column":13},"end":{"line":109,"column":2}},"3":{"start":{"line":9,"column":20},"end":{"line":14,"column":6}},"4":{"start":{"line":17,"column":22},"end":{"line":17,"column":50}},"5":{"start":{"line":18,"column":20},"end":{"line":18,"column":56}},"6":{"start":{"line":20,"column":21},"end":{"line":39,"column":null}},"7":{"start":{"line":22,"column":23},"end":{"line":30,"column":10}},"8":{"start":{"line":32,"column":22},"end":{"line":32,"column":45}},"9":{"start":{"line":33,"column":26},"end":{"line":33,"column":53}},"10":{"start":{"line":34,"column":24},"end":{"line":36,"column":13}},"11":{"start":{"line":38,"column":8},"end":{"line":38,"column":56}},"12":{"start":{"line":42,"column":4},"end":{"line":42,"column":20}},"13":{"start":{"line":58,"column":21},"end":{"line":60,"column":6}},"14":{"start":{"line":61,"column":4},"end":{"line":61,"column":69}},"15":{"start":{"line":61,"column":19},"end":{"line":61,"column":69}},"16":{"start":{"line":62,"column":4},"end":{"line":64,"column":5}},"17":{"start":{"line":63,"column":6},"end":{"line":63,"column":56}},"18":{"start":{"line":66,"column":4},"end":{"line":79,"column":5}},"19":{"start":{"line":67,"column":21},"end":{"line":72,"column":8}},"20":{"start":{"line":73,"column":6},"end":{"line":73,"column":20}},"21":{"start":{"line":75,"column":6},"end":{"line":77,"column":7}},"22":{"start":{"line":76,"column":8},"end":{"line":76,"column":90}},"23":{"start":{"line":78,"column":6},"end":{"line":78,"column":14}},"24":{"start":{"line":86,"column":19},"end":{"line":86,"column":68}},"25":{"start":{"line":87,"column":4},"end":{"line":87,"column":68}},"26":{"start":{"line":87,"column":17},"end":{"line":87,"column":68}},"27":{"start":{"line":88,"column":4},"end":{"line":88,"column":95}},"28":{"start":{"line":88,"column":34},"end":{"line":88,"column":95}},"29":{"start":{"line":90,"column":4},"end":{"line":96,"column":7}},"30":{"start":{"line":103,"column":19},"end":{"line":103,"column":68}},"31":{"start":{"line":104,"column":4},"end":{"line":104,"column":68}},"32":{"start":{"line":104,"column":17},"end":{"line":104,"column":68}},"33":{"start":{"line":105,"column":4},"end":{"line":105,"column":95}},"34":{"start":{"line":105,"column":34},"end":{"line":105,"column":95}},"35":{"start":{"line":107,"column":4},"end":{"line":107,"column":50}}},"fnMap":{"0":{"name":"(anonymous_0)","decl":{"start":{"line":8,"column":2},"end":{"line":8,"column":7}},"loc":{"start":{"line":8,"column":62},"end":{"line":43,"column":3}}},"1":{"name":"(anonymous_1)","decl":{"start":{"line":21,"column":18},"end":{"line":21,"column":23}},"loc":{"start":{"line":21,"column":35},"end":{"line":39,"column":7}}},"2":{"name":"(anonymous_2)","decl":{"start":{"line":48,"column":2},"end":{"line":48,"column":7}},"loc":{"start":{"line":55,"column":5},"end":{"line":80,"column":3}}},"3":{"name":"(anonymous_3)","decl":{"start":{"line":85,"column":2},"end":{"line":85,"column":7}},"loc":{"start":{"line":85,"column":69},"end":{"line":97,"column":3}}},"4":{"name":"(anonymous_4)","decl":{"start":{"line":102,"column":2},"end":{"line":102,"column":7}},"loc":{"start":{"line":102,"column":47},"end":{"line":108,"column":3}}}},"branchMap":{"0":{"loc":{"start":{"line":32,"column":22},"end":{"line":32,"column":45}},"type":"binary-expr","locations":[{"start":{"line":32,"column":22},"end":{"line":32,"column":40}},{"start":{"line":32,"column":44},"end":{"line":32,"column":45}}]},"1":{"loc":{"start":{"line":34,"column":24},"end":{"line":36,"column":13}},"type":"cond-expr","locations":[{"start":{"line":35,"column":12},"end":{"line":35,"column":59}},{"start":{"line":36,"column":12},"end":{"line":36,"column":13}}]},"2":{"loc":{"start":{"line":61,"column":4},"end":{"line":61,"column":69}},"type":"if","locations":[{"start":{"line":61,"column":4},"end":{"line":61,"column":69}},{"start":{},"end":{}}]},"3":{"loc":{"start":{"line":62,"column":4},"end":{"line":64,"column":5}},"type":"if","locations":[{"start":{"line":62,"column":4},"end":{"line":64,"column":5}},{"start":{},"end":{}}]},"4":{"loc":{"start":{"line":62,"column":8},"end":{"line":62,"column":62}},"type":"binary-expr","locations":[{"start":{"line":62,"column":8},"end":{"line":62,"column":32}},{"start":{"line":62,"column":36},"end":{"line":62,"column":62}}]},"5":{"loc":{"start":{"line":75,"column":6},"end":{"line":77,"column":7}},"type":"if","locations":[{"start":{"line":75,"column":6},"end":{"line":77,"column":7}},{"start":{},"end":{}}]},"6":{"loc":{"start":{"line":87,"column":4},"end":{"line":87,"column":68}},"type":"if","locations":[{"start":{"line":87,"column":4},"end":{"line":87,"column":68}},{"start":{},"end":{}}]},"7":{"loc":{"start":{"line":88,"column":4},"end":{"line":88,"column":95}},"type":"if","locations":[{"start":{"line":88,"column":4},"end":{"line":88,"column":95}},{"start":{},"end":{}}]},"8":{"loc":{"start":{"line":104,"column":4},"end":{"line":104,"column":68}},"type":"if","locations":[{"start":{"line":104,"column":4},"end":{"line":104,"column":68}},{"start":{},"end":{}}]},"9":{"loc":{"start":{"line":105,"column":4},"end":{"line":105,"column":95}},"type":"if","locations":[{"start":{"line":105,"column":4},"end":{"line":105,"column":95}},{"start":{},"end":{}}]}},"s":{"0":0,"1":0,"2":0,"3":0,"4":0,"5":0,"6":0,"7":0,"8":0,"9":0,"10":0,"11":0,"12":0,"13":0,"14":0,"15":0,"16":0,"17":0,"18":0,"19":0,"20":0,"21":0,"22":0,"23":0,"24":0,"25":0,"26":0,"27":0,"28":0,"29":0,"30":0,"31":0,"32":0,"33":0,"34":0,"35":0},"f":{"0":0,"1":0,"2":0,"3":0,"4":0},"b":{"0":[0,0],"1":[0,0],"2":[0,0],"3":[0,0],"4":[0,0],"5":[0,0],"6":[0,0],"7":[0,0],"8":[0,0],"9":[0,0]}}
,"E:\\luyentaphe\\portfolio\\Xet Chi Tieu\\backend\\src\\services\\category.service.ts": {"path":"E:\\luyentaphe\\portfolio\\Xet Chi Tieu\\backend\\src\\services\\category.service.ts","statementMap":{"0":{"start":{"line":1,"column":0},"end":{"line":1,"column":39}},"1":{"start":{"line":2,"column":0},"end":{"line":2,"column":43}},"2":{"start":{"line":4,"column":13},"end":{"line":65,"column":2}},"3":{"start":{"line":11,"column":23},"end":{"line":19,"column":6}},"4":{"start":{"line":20,"column":4},"end":{"line":20,"column":22}},"5":{"start":{"line":30,"column":21},"end":{"line":38,"column":6}},"6":{"start":{"line":39,"column":4},"end":{"line":39,"column":20}},"7":{"start":{"line":47,"column":21},"end":{"line":49,"column":6}},"8":{"start":{"line":51,"column":4},"end":{"line":53,"column":5}},"9":{"start":{"line":52,"column":6},"end":{"line":52,"column":56}},"10":{"start":{"line":55,"column":4},"end":{"line":57,"column":5}},"11":{"start":{"line":56,"column":6},"end":{"line":56,"column":70}},"12":{"start":{"line":59,"column":4},"end":{"line":61,"column":5}},"13":{"start":{"line":60,"column":6},"end":{"line":60,"column":79}},"14":{"start":{"line":63,"column":4},"end":{"line":63,"column":64}}},"fnMap":{"0":{"name":"(anonymous_0)","decl":{"start":{"line":10,"column":2},"end":{"line":10,"column":7}},"loc":{"start":{"line":10,"column":36},"end":{"line":21,"column":3}}},"1":{"name":"(anonymous_1)","decl":{"start":{"line":26,"column":2},"end":{"line":26,"column":7}},"loc":{"start":{"line":28,"column":69},"end":{"line":40,"column":3}}},"2":{"name":"(anonymous_2)","decl":{"start":{"line":46,"column":2},"end":{"line":46,"column":7}},"loc":{"start":{"line":46,"column":57},"end":{"line":64,"column":3}}}},"branchMap":{"0":{"loc":{"start":{"line":51,"column":4},"end":{"line":53,"column":5}},"type":"if","locations":[{"start":{"line":51,"column":4},"end":{"line":53,"column":5}},{"start":{},"end":{}}]},"1":{"loc":{"start":{"line":55,"column":4},"end":{"line":57,"column":5}},"type":"if","locations":[{"start":{"line":55,"column":4},"end":{"line":57,"column":5}},{"start":{},"end":{}}]},"2":{"loc":{"start":{"line":59,"column":4},"end":{"line":61,"column":5}},"type":"if","locations":[{"start":{"line":59,"column":4},"end":{"line":61,"column":5}},{"start":{},"end":{}}]}},"s":{"0":0,"1":0,"2":0,"3":0,"4":0,"5":0,"6":0,"7":0,"8":0,"9":0,"10":0,"11":0,"12":0,"13":0,"14":0},"f":{"0":0,"1":0,"2":0},"b":{"0":[0,0],"1":[0,0],"2":[0,0]}}
,"E:\\luyentaphe\\portfolio\\Xet Chi Tieu\\backend\\src\\services\\settings.service.ts": {"path":"E:\\luyentaphe\\portfolio\\Xet Chi Tieu\\backend\\src\\services\\settings.service.ts","statementMap":{"0":{"start":{"line":1,"column":0},"end":{"line":1,"column":39}},"1":{"start":{"line":4,"column":13},"end":{"line":50,"column":2}},"2":{"start":{"line":10,"column":21},"end":{"line":20,"column":6}},"3":{"start":{"line":21,"column":4},"end":{"line":21,"column":20}},"4":{"start":{"line":37,"column":21},"end":{"line":47,"column":6}},"5":{"start":{"line":48,"column":4},"end":{"line":48,"column":20}}},"fnMap":{"0":{"name":"(anonymous_0)","decl":{"start":{"line":9,"column":2},"end":{"line":9,"column":7}},"loc":{"start":{"line":9,"column":34},"end":{"line":22,"column":3}}},"1":{"name":"(anonymous_1)","decl":{"start":{"line":28,"column":2},"end":{"line":28,"column":7}},"loc":{"start":{"line":35,"column":5},"end":{"line":49,"column":3}}}},"branchMap":{"0":{"loc":{"start":{"line":42,"column":15},"end":{"line":42,"column":36}},"type":"binary-expr","locations":[{"start":{"line":42,"column":15},"end":{"line":42,"column":25}},{"start":{"line":42,"column":29},"end":{"line":42,"column":36}}]},"1":{"loc":{"start":{"line":43,"column":18},"end":{"line":43,"column":40}},"type":"binary-expr","locations":[{"start":{"line":43,"column":18},"end":{"line":43,"column":31}},{"start":{"line":43,"column":35},"end":{"line":43,"column":40}}]},"2":{"loc":{"start":{"line":44,"column":18},"end":{"line":44,"column":39}},"type":"binary-expr","locations":[{"start":{"line":44,"column":18},"end":{"line":44,"column":31}},{"start":{"line":44,"column":35},"end":{"line":44,"column":39}}]},"3":{"loc":{"start":{"line":45,"column":24},"end":{"line":45,"column":50}},"type":"binary-expr","locations":[{"start":{"line":45,"column":24},"end":{"line":45,"column":43}},{"start":{"line":45,"column":47},"end":{"line":45,"column":50}}]}},"s":{"0":0,"1":0,"2":0,"3":0,"4":0,"5":0},"f":{"0":0,"1":0},"b":{"0":[0,0],"1":[0,0],"2":[0,0],"3":[0,0]}}
,"E:\\luyentaphe\\portfolio\\Xet Chi Tieu\\backend\\src\\services\\stats.service.ts": {"path":"E:\\luyentaphe\\portfolio\\Xet Chi Tieu\\backend\\src\\services\\stats.service.ts","statementMap":{"0":{"start":{"line":1,"column":0},"end":{"line":1,"column":39}},"1":{"start":{"line":9,"column":25},"end":{"line":9,"column":27}},"2":{"start":{"line":10,"column":2},"end":{"line":10,"column":57}},"3":{"start":{"line":10,"column":19},"end":{"line":10,"column":57}},"4":{"start":{"line":11,"column":2},"end":{"line":11,"column":53}},"5":{"start":{"line":11,"column":17},"end":{"line":11,"column":53}},"6":{"start":{"line":12,"column":2},"end":{"line":12,"column":67}},"7":{"start":{"line":15,"column":13},"end":{"line":118,"column":2}},"8":{"start":{"line":20,"column":22},"end":{"line":20,"column":44}},"9":{"start":{"line":21,"column":23},"end":{"line":21,"column":33}},"10":{"start":{"line":22,"column":4},"end":{"line":22,"column":42}},"11":{"start":{"line":22,"column":19},"end":{"line":22,"column":42}},"12":{"start":{"line":24,"column":42},"end":{"line":33,"column":6}},"13":{"start":{"line":35,"column":24},"end":{"line":35,"column":53}},"14":{"start":{"line":36,"column":25},"end":{"line":36,"column":55}},"15":{"start":{"line":37,"column":20},"end":{"line":37,"column":46}},"16":{"start":{"line":39,"column":4},"end":{"line":39,"column":50}},"17":{"start":{"line":49,"column":22},"end":{"line":49,"column":44}},"18":{"start":{"line":50,"column":23},"end":{"line":50,"column":33}},"19":{"start":{"line":51,"column":4},"end":{"line":51,"column":42}},"20":{"start":{"line":51,"column":19},"end":{"line":51,"column":42}},"21":{"start":{"line":52,"column":4},"end":{"line":52,"column":46}},"22":{"start":{"line":52,"column":21},"end":{"line":52,"column":46}},"23":{"start":{"line":54,"column":20},"end":{"line":59,"column":6}},"24":{"start":{"line":61,"column":18},"end":{"line":61,"column":102}},"25":{"start":{"line":61,"column":72},"end":{"line":61,"column":98}},"26":{"start":{"line":64,"column":24},"end":{"line":64,"column":56}},"27":{"start":{"line":64,"column":43},"end":{"line":64,"column":55}},"28":{"start":{"line":65,"column":23},"end":{"line":68,"column":6}},"29":{"start":{"line":69,"column":19},"end":{"line":69,"column":82}},"30":{"start":{"line":69,"column":71},"end":{"line":69,"column":80}},"31":{"start":{"line":71,"column":4},"end":{"line":75,"column":8}},"32":{"start":{"line":71,"column":50},"end":{"line":75,"column":6}},"33":{"start":{"line":85,"column":22},"end":{"line":85,"column":44}},"34":{"start":{"line":86,"column":23},"end":{"line":86,"column":33}},"35":{"start":{"line":87,"column":4},"end":{"line":87,"column":42}},"36":{"start":{"line":87,"column":19},"end":{"line":87,"column":42}},"37":{"start":{"line":89,"column":25},"end":{"line":93,"column":6}},"38":{"start":{"line":96,"column":16},"end":{"line":96,"column":86}},"39":{"start":{"line":98,"column":4},"end":{"line":114,"column":5}},"40":{"start":{"line":100,"column":16},"end":{"line":100,"column":22}},"41":{"start":{"line":101,"column":6},"end":{"line":105,"column":7}},"42":{"start":{"line":102,"column":8},"end":{"line":102,"column":44}},"43":{"start":{"line":104,"column":8},"end":{"line":104,"column":80}},"44":{"start":{"line":107,"column":6},"end":{"line":109,"column":7}},"45":{"start":{"line":108,"column":8},"end":{"line":108,"column":61}},"46":{"start":{"line":111,"column":20},"end":{"line":111,"column":33}},"47":{"start":{"line":112,"column":6},"end":{"line":113,"column":37}},"48":{"start":{"line":112,"column":31},"end":{"line":112,"column":56}},"49":{"start":{"line":113,"column":11},"end":{"line":113,"column":37}},"50":{"start":{"line":116,"column":4},"end":{"line":116,"column":85}},"51":{"start":{"line":116,"column":51},"end":{"line":116,"column":83}}},"fnMap":{"0":{"name":"buildDateWhere","decl":{"start":{"line":8,"column":9},"end":{"line":8,"column":23}},"loc":{"start":{"line":8,"column":42},"end":{"line":13,"column":1}}},"1":{"name":"(anonymous_1)","decl":{"start":{"line":19,"column":2},"end":{"line":19,"column":7}},"loc":{"start":{"line":19,"column":53},"end":{"line":40,"column":3}}},"2":{"name":"(anonymous_2)","decl":{"start":{"line":45,"column":2},"end":{"line":45,"column":7}},"loc":{"start":{"line":47,"column":56},"end":{"line":76,"column":3}}},"3":{"name":"(anonymous_3)","decl":{"start":{"line":61,"column":33},"end":{"line":61,"column":34}},"loc":{"start":{"line":61,"column":72},"end":{"line":61,"column":98}}},"4":{"name":"(anonymous_4)","decl":{"start":{"line":64,"column":36},"end":{"line":64,"column":37}},"loc":{"start":{"line":64,"column":43},"end":{"line":64,"column":55}}},"5":{"name":"(anonymous_5)","decl":{"start":{"line":69,"column":42},"end":{"line":69,"column":43}},"loc":{"start":{"line":69,"column":71},"end":{"line":69,"column":80}}},"6":{"name":"(anonymous_6)","decl":{"start":{"line":71,"column":23},"end":{"line":71,"column":24}},"loc":{"start":{"line":71,"column":50},"end":{"line":75,"column":6}}},"7":{"name":"(anonymous_7)","decl":{"start":{"line":81,"column":2},"end":{"line":81,"column":7}},"loc":{"start":{"line":83,"column":64},"end":{"line":117,"column":3}}},"8":{"name":"(anonymous_8)","decl":{"start":{"line":116,"column":41},"end":{"line":116,"column":42}},"loc":{"start":{"line":116,"column":51},"end":{"line":116,"column":83}}}},"branchMap":{"0":{"loc":{"start":{"line":10,"column":2},"end":{"line":10,"column":57}},"type":"if","locations":[{"start":{"line":10,"column":2},"end":{"line":10,"column":57}},{"start":{},"end":{}}]},"1":{"loc":{"start":{"line":11,"column":2},"end":{"line":11,"column":53}},"type":"if","locations":[{"start":{"line":11,"column":2},"end":{"line":11,"column":53}},{"start":{},"end":{}}]},"2":{"loc":{"start":{"line":12,"column":9},"end":{"line":12,"column":66}},"type":"cond-expr","locations":[{"start":{"line":12,"column":45},"end":{"line":12,"column":54}},{"start":{"line":12,"column":57},"end":{"line":12,"column":66}}]},"3":{"loc":{"start":{"line":22,"column":4},"end":{"line":22,"column":42}},"type":"if","locations":[{"start":{"line":22,"column":4},"end":{"line":22,"column":42}},{"start":{},"end":{}}]},"4":{"loc":{"start":{"line":35,"column":24},"end":{"line":35,"column":53}},"type":"binary-expr","locations":[{"start":{"line":35,"column":24},"end":{"line":35,"column":48}},{"start":{"line":35,"column":52},"end":{"line":35,"column":53}}]},"5":{"loc":{"start":{"line":36,"column":25},"end":{"line":36,"column":55}},"type":"binary-expr","locations":[{"start":{"line":36,"column":25},"end":{"line":36,"column":50}},{"start":{"line":36,"column":54},"end":{"line":36,"column":55}}]},"6":{"loc":{"start":{"line":51,"column":4},"end":{"line":51,"column":42}},"type":"if","locations":[{"start":{"line":51,"column":4},"end":{"line":51,"column":42}},{"start":{},"end":{}}]},"7":{"loc":{"start":{"line":52,"column":4},"end":{"line":52,"column":46}},"type":"if","locations":[{"start":{"line":52,"column":4},"end":{"line":52,"column":46}},{"start":{},"end":{}}]},"8":{"loc":{"start":{"line":61,"column":79},"end":{"line":61,"column":97}},"type":"binary-expr","locations":[{"start":{"line":61,"column":79},"end":{"line":61,"column":92}},{"start":{"line":61,"column":96},"end":{"line":61,"column":97}}]},"9":{"loc":{"start":{"line":73,"column":13},"end":{"line":73,"column":31}},"type":"binary-expr","locations":[{"start":{"line":73,"column":13},"end":{"line":73,"column":26}},{"start":{"line":73,"column":30},"end":{"line":73,"column":31}}]},"10":{"loc":{"start":{"line":74,"column":18},"end":{"line":74,"column":82}},"type":"cond-expr","locations":[{"start":{"line":74,"column":30},"end":{"line":74,"column":78}},{"start":{"line":74,"column":81},"end":{"line":74,"column":82}}]},"11":{"loc":{"start":{"line":74,"column":43},"end":{"line":74,"column":61}},"type":"binary-expr","locations":[{"start":{"line":74,"column":43},"end":{"line":74,"column":56}},{"start":{"line":74,"column":60},"end":{"line":74,"column":61}}]},"12":{"loc":{"start":{"line":87,"column":4},"end":{"line":87,"column":42}},"type":"if","locations":[{"start":{"line":87,"column":4},"end":{"line":87,"column":42}},{"start":{},"end":{}}]},"13":{"loc":{"start":{"line":101,"column":6},"end":{"line":105,"column":7}},"type":"if","locations":[{"start":{"line":101,"column":6},"end":{"line":105,"column":7}},{"start":{"line":103,"column":13},"end":{"line":105,"column":7}}]},"14":{"loc":{"start":{"line":107,"column":6},"end":{"line":109,"column":7}},"type":"if","locations":[{"start":{"line":107,"column":6},"end":{"line":109,"column":7}},{"start":{},"end":{}}]},"15":{"loc":{"start":{"line":112,"column":6},"end":{"line":113,"column":37}},"type":"if","locations":[{"start":{"line":112,"column":6},"end":{"line":113,"column":37}},{"start":{"line":113,"column":11},"end":{"line":113,"column":37}}]}},"s":{"0":0,"1":0,"2":0,"3":0,"4":0,"5":0,"6":0,"7":0,"8":0,"9":0,"10":0,"11":0,"12":0,"13":0,"14":0,"15":0,"16":0,"17":0,"18":0,"19":0,"20":0,"21":0,"22":0,"23":0,"24":0,"25":0,"26":0,"27":0,"28":0,"29":0,"30":0,"31":0,"32":0,"33":0,"34":0,"35":0,"36":0,"37":0,"38":0,"39":0,"40":0,"41":0,"42":0,"43":0,"44":0,"45":0,"46":0,"47":0,"48":0,"49":0,"50":0,"51":0},"f":{"0":0,"1":0,"2":0,"3":0,"4":0,"5":0,"6":0,"7":0,"8":0},"b":{"0":[0,0],"1":[0,0],"2":[0,0],"3":[0,0],"4":[0,0],"5":[0,0],"6":[0,0],"7":[0,0],"8":[0,0],"9":[0,0],"10":[0,0],"11":[0,0],"12":[0,0],"13":[0,0],"14":[0,0],"15":[0,0]}}
,"E:\\luyentaphe\\portfolio\\Xet Chi Tieu\\backend\\src\\services\\transaction.service.ts": {"path":"E:\\luyentaphe\\portfolio\\Xet Chi Tieu\\backend\\src\\services\\transaction.service.ts","statementMap":{"0":{"start":{"line":1,"column":0},"end":{"line":1,"column":39}},"1":{"start":{"line":2,"column":0},"end":{"line":2,"column":43}},"2":{"start":{"line":14,"column":13},"end":{"line":200,"column":2}},"3":{"start":{"line":19,"column":17},"end":{"line":19,"column":33}},"4":{"start":{"line":20,"column":18},"end":{"line":20,"column":36}},"5":{"start":{"line":21,"column":17},"end":{"line":21,"column":35}},"6":{"start":{"line":23,"column":23},"end":{"line":23,"column":33}},"7":{"start":{"line":25,"column":4},"end":{"line":25,"column":46}},"8":{"start":{"line":25,"column":21},"end":{"line":25,"column":46}},"9":{"start":{"line":26,"column":4},"end":{"line":26,"column":64}},"10":{"start":{"line":26,"column":27},"end":{"line":26,"column":64}},"11":{"start":{"line":27,"column":4},"end":{"line":31,"column":5}},"12":{"start":{"line":28,"column":6},"end":{"line":28,"column":22}},"13":{"start":{"line":29,"column":6},"end":{"line":29,"column":62}},"14":{"start":{"line":29,"column":23},"end":{"line":29,"column":62}},"15":{"start":{"line":30,"column":6},"end":{"line":30,"column":58}},"16":{"start":{"line":30,"column":21},"end":{"line":30,"column":58}},"17":{"start":{"line":32,"column":4},"end":{"line":34,"column":5}},"18":{"start":{"line":33,"column":6},"end":{"line":33,"column":68}},"19":{"start":{"line":36,"column":26},"end":{"line":47,"column":6}},"20":{"start":{"line":49,"column":4},"end":{"line":57,"column":6}},"21":{"start":{"line":64,"column":24},"end":{"line":69,"column":6}},"22":{"start":{"line":71,"column":4},"end":{"line":71,"column":73}},"23":{"start":{"line":71,"column":22},"end":{"line":71,"column":73}},"24":{"start":{"line":72,"column":4},"end":{"line":72,"column":105}},"25":{"start":{"line":72,"column":39},"end":{"line":72,"column":105}},"26":{"start":{"line":74,"column":4},"end":{"line":74,"column":23}},"27":{"start":{"line":91,"column":21},"end":{"line":93,"column":6}},"28":{"start":{"line":95,"column":4},"end":{"line":95,"column":69}},"29":{"start":{"line":95,"column":19},"end":{"line":95,"column":69}},"30":{"start":{"line":96,"column":4},"end":{"line":98,"column":5}},"31":{"start":{"line":97,"column":6},"end":{"line":97,"column":56}},"32":{"start":{"line":100,"column":24},"end":{"line":112,"column":6}},"33":{"start":{"line":114,"column":4},"end":{"line":114,"column":23}},"34":{"start":{"line":131,"column":24},"end":{"line":131,"column":78}},"35":{"start":{"line":133,"column":4},"end":{"line":133,"column":73}},"36":{"start":{"line":133,"column":22},"end":{"line":133,"column":73}},"37":{"start":{"line":134,"column":4},"end":{"line":134,"column":100}},"38":{"start":{"line":134,"column":39},"end":{"line":134,"column":100}},"39":{"start":{"line":136,"column":20},"end":{"line":148,"column":6}},"40":{"start":{"line":150,"column":4},"end":{"line":150,"column":19}},"41":{"start":{"line":157,"column":24},"end":{"line":157,"column":78}},"42":{"start":{"line":159,"column":4},"end":{"line":159,"column":73}},"43":{"start":{"line":159,"column":22},"end":{"line":159,"column":73}},"44":{"start":{"line":160,"column":4},"end":{"line":160,"column":100}},"45":{"start":{"line":160,"column":39},"end":{"line":160,"column":100}},"46":{"start":{"line":162,"column":4},"end":{"line":162,"column":55}},"47":{"start":{"line":169,"column":23},"end":{"line":169,"column":33}},"48":{"start":{"line":171,"column":4},"end":{"line":171,"column":46}},"49":{"start":{"line":171,"column":21},"end":{"line":171,"column":46}},"50":{"start":{"line":172,"column":4},"end":{"line":172,"column":64}},"51":{"start":{"line":172,"column":27},"end":{"line":172,"column":64}},"52":{"start":{"line":173,"column":4},"end":{"line":177,"column":5}},"53":{"start":{"line":174,"column":6},"end":{"line":174,"column":22}},"54":{"start":{"line":175,"column":6},"end":{"line":175,"column":62}},"55":{"start":{"line":175,"column":23},"end":{"line":175,"column":62}},"56":{"start":{"line":176,"column":6},"end":{"line":176,"column":58}},"57":{"start":{"line":176,"column":21},"end":{"line":176,"column":58}},"58":{"start":{"line":179,"column":25},"end":{"line":185,"column":6}},"59":{"start":{"line":188,"column":19},"end":{"line":188,"column":57}},"60":{"start":{"line":189,"column":17},"end":{"line":196,"column":6}},"61":{"start":{"line":190,"column":19},"end":{"line":190,"column":53}},"62":{"start":{"line":191,"column":19},"end":{"line":191,"column":54}},"63":{"start":{"line":192,"column":23},"end":{"line":192,"column":38}},"64":{"start":{"line":193,"column":21},"end":{"line":193,"column":40}},"65":{"start":{"line":194,"column":19},"end":{"line":194,"column":60}},"66":{"start":{"line":195,"column":6},"end":{"line":195,"column":61}},"67":{"start":{"line":198,"column":4},"end":{"line":198,"column":36}}},"fnMap":{"0":{"name":"(anonymous_0)","decl":{"start":{"line":18,"column":2},"end":{"line":18,"column":7}},"loc":{"start":{"line":18,"column":65},"end":{"line":58,"column":3}}},"1":{"name":"(anonymous_1)","decl":{"start":{"line":63,"column":2},"end":{"line":63,"column":7}},"loc":{"start":{"line":63,"column":53},"end":{"line":75,"column":3}}},"2":{"name":"(anonymous_2)","decl":{"start":{"line":80,"column":2},"end":{"line":80,"column":7}},"loc":{"start":{"line":88,"column":5},"end":{"line":115,"column":3}}},"3":{"name":"(anonymous_3)","decl":{"start":{"line":120,"column":2},"end":{"line":120,"column":7}},"loc":{"start":{"line":129,"column":6},"end":{"line":151,"column":3}}},"4":{"name":"(anonymous_4)","decl":{"start":{"line":156,"column":2},"end":{"line":156,"column":7}},"loc":{"start":{"line":156,"column":52},"end":{"line":163,"column":3}}},"5":{"name":"(anonymous_5)","decl":{"start":{"line":168,"column":2},"end":{"line":168,"column":7}},"loc":{"start":{"line":168,"column":85},"end":{"line":199,"column":3}}},"6":{"name":"(anonymous_6)","decl":{"start":{"line":189,"column":34},"end":{"line":189,"column":35}},"loc":{"start":{"line":189,"column":40},"end":{"line":196,"column":5}}}},"branchMap":{"0":{"loc":{"start":{"line":19,"column":17},"end":{"line":19,"column":33}},"type":"binary-expr","locations":[{"start":{"line":19,"column":17},"end":{"line":19,"column":28}},{"start":{"line":19,"column":32},"end":{"line":19,"column":33}}]},"1":{"loc":{"start":{"line":20,"column":18},"end":{"line":20,"column":36}},"type":"binary-expr","locations":[{"start":{"line":20,"column":18},"end":{"line":20,"column":30}},{"start":{"line":20,"column":34},"end":{"line":20,"column":36}}]},"2":{"loc":{"start":{"line":25,"column":4},"end":{"line":25,"column":46}},"type":"if","locations":[{"start":{"line":25,"column":4},"end":{"line":25,"column":46}},{"start":{},"end":{}}]},"3":{"loc":{"start":{"line":26,"column":4},"end":{"line":26,"column":64}},"type":"if","locations":[{"start":{"line":26,"column":4},"end":{"line":26,"column":64}},{"start":{},"end":{}}]},"4":{"loc":{"start":{"line":27,"column":4},"end":{"line":31,"column":5}},"type":"if","locations":[{"start":{"line":27,"column":4},"end":{"line":31,"column":5}},{"start":{},"end":{}}]},"5":{"loc":{"start":{"line":27,"column":8},"end":{"line":27,"column":32}},"type":"binary-expr","locations":[{"start":{"line":27,"column":8},"end":{"line":27,"column":19}},{"start":{"line":27,"column":23},"end":{"line":27,"column":32}}]},"6":{"loc":{"start":{"line":29,"column":6},"end":{"line":29,"column":62}},"type":"if","locations":[{"start":{"line":29,"column":6},"end":{"line":29,"column":62}},{"start":{},"end":{}}]},"7":{"loc":{"start":{"line":30,"column":6},"end":{"line":30,"column":58}},"type":"if","locations":[{"start":{"line":30,"column":6},"end":{"line":30,"column":58}},{"start":{},"end":{}}]},"8":{"loc":{"start":{"line":32,"column":4},"end":{"line":34,"column":5}},"type":"if","locations":[{"start":{"line":32,"column":4},"end":{"line":34,"column":5}},{"start":{},"end":{}}]},"9":{"loc":{"start":{"line":71,"column":4},"end":{"line":71,"column":73}},"type":"if","locations":[{"start":{"line":71,"column":4},"end":{"line":71,"column":73}},{"start":{},"end":{}}]},"10":{"loc":{"start":{"line":72,"column":4},"end":{"line":72,"column":105}},"type":"if","locations":[{"start":{"line":72,"column":4},"end":{"line":72,"column":105}},{"start":{},"end":{}}]},"11":{"loc":{"start":{"line":95,"column":4},"end":{"line":95,"column":69}},"type":"if","locations":[{"start":{"line":95,"column":4},"end":{"line":95,"column":69}},{"start":{},"end":{}}]},"12":{"loc":{"start":{"line":96,"column":4},"end":{"line":98,"column":5}},"type":"if","locations":[{"start":{"line":96,"column":4},"end":{"line":98,"column":5}},{"start":{},"end":{}}]},"13":{"loc":{"start":{"line":96,"column":8},"end":{"line":96,"column":62}},"type":"binary-expr","locations":[{"start":{"line":96,"column":8},"end":{"line":96,"column":32}},{"start":{"line":96,"column":36},"end":{"line":96,"column":62}}]},"14":{"loc":{"start":{"line":133,"column":4},"end":{"line":133,"column":73}},"type":"if","locations":[{"start":{"line":133,"column":4},"end":{"line":133,"column":73}},{"start":{},"end":{}}]},"15":{"loc":{"start":{"line":134,"column":4},"end":{"line":134,"column":100}},"type":"if","locations":[{"start":{"line":134,"column":4},"end":{"line":134,"column":100}},{"start":{},"end":{}}]},"16":{"loc":{"start":{"line":139,"column":12},"end":{"line":139,"column":64}},"type":"binary-expr","locations":[{"start":{"line":139,"column":12},"end":{"line":139,"column":37}},{"start":{"line":139,"column":41},"end":{"line":139,"column":64}}]},"17":{"loc":{"start":{"line":140,"column":12},"end":{"line":140,"column":58}},"type":"binary-expr","locations":[{"start":{"line":140,"column":12},"end":{"line":140,"column":35}},{"start":{"line":140,"column":39},"end":{"line":140,"column":58}}]},"18":{"loc":{"start":{"line":141,"column":12},"end":{"line":141,"column":76}},"type":"binary-expr","locations":[{"start":{"line":141,"column":12},"end":{"line":141,"column":41}},{"start":{"line":141,"column":45},"end":{"line":141,"column":76}}]},"19":{"loc":{"start":{"line":142,"column":12},"end":{"line":142,"column":58}},"type":"binary-expr","locations":[{"start":{"line":142,"column":12},"end":{"line":142,"column":35}},{"start":{"line":142,"column":39},"end":{"line":142,"column":58}}]},"20":{"loc":{"start":{"line":143,"column":12},"end":{"line":143,"column":68}},"type":"binary-expr","locations":[{"start":{"line":143,"column":12},"end":{"line":143,"column":35}},{"start":{"line":143,"column":39},"end":{"line":143,"column":68}}]},"21":{"loc":{"start":{"line":159,"column":4},"end":{"line":159,"column":73}},"type":"if","locations":[{"start":{"line":159,"column":4},"end":{"line":159,"column":73}},{"start":{},"end":{}}]},"22":{"loc":{"start":{"line":160,"column":4},"end":{"line":160,"column":100}},"type":"if","locations":[{"start":{"line":160,"column":4},"end":{"line":160,"column":100}},{"start":{},"end":{}}]},"23":{"loc":{"start":{"line":171,"column":4},"end":{"line":171,"column":46}},"type":"if","locations":[{"start":{"line":171,"column":4},"end":{"line":171,"column":46}},{"start":{},"end":{}}]},"24":{"loc":{"start":{"line":172,"column":4},"end":{"line":172,"column":64}},"type":"if","locations":[{"start":{"line":172,"column":4},"end":{"line":172,"column":64}},{"start":{},"end":{}}]},"25":{"loc":{"start":{"line":173,"column":4},"end":{"line":177,"column":5}},"type":"if","locations":[{"start":{"line":173,"column":4},"end":{"line":177,"column":5}},{"start":{},"end":{}}]},"26":{"loc":{"start":{"line":173,"column":8},"end":{"line":173,"column":32}},"type":"binary-expr","locations":[{"start":{"line":173,"column":8},"end":{"line":173,"column":19}},{"start":{"line":173,"column":23},"end":{"line":173,"column":32}}]},"27":{"loc":{"start":{"line":175,"column":6},"end":{"line":175,"column":62}},"type":"if","locations":[{"start":{"line":175,"column":6},"end":{"line":175,"column":62}},{"start":{},"end":{}}]},"28":{"loc":{"start":{"line":176,"column":6},"end":{"line":176,"column":58}},"type":"if","locations":[{"start":{"line":176,"column":6},"end":{"line":176,"column":58}},{"start":{},"end":{}}]},"29":{"loc":{"start":{"line":191,"column":19},"end":{"line":191,"column":54}},"type":"cond-expr","locations":[{"start":{"line":191,"column":41},"end":{"line":191,"column":46}},{"start":{"line":191,"column":49},"end":{"line":191,"column":54}}]},"30":{"loc":{"start":{"line":194,"column":24},"end":{"line":194,"column":36}},"type":"binary-expr","locations":[{"start":{"line":194,"column":24},"end":{"line":194,"column":30}},{"start":{"line":194,"column":34},"end":{"line":194,"column":36}}]}},"s":{"0":0,"1":0,"2":0,"3":0,"4":0,"5":0,"6":0,"7":0,"8":0,"9":0,"10":0,"11":0,"12":0,"13":0,"14":0,"15":0,"16":0,"17":0,"18":0,"19":0,"20":0,"21":0,"22":0,"23":0,"24":0,"25":0,"26":0,"27":0,"28":0,"29":0,"30":0,"31":0,"32":0,"33":0,"34":0,"35":0,"36":0,"37":0,"38":0,"39":0,"40":0,"41":0,"42":0,"43":0,"44":0,"45":0,"46":0,"47":0,"48":0,"49":0,"50":0,"51":0,"52":0,"53":0,"54":0,"55":0,"56":0,"57":0,"58":0,"59":0,"60":0,"61":0,"62":0,"63":0,"64":0,"65":0,"66":0,"67":0},"f":{"0":0,"1":0,"2":0,"3":0,"4":0,"5":0,"6":0},"b":{"0":[0,0],"1":[0,0],"2":[0,0],"3":[0,0],"4":[0,0],"5":[0,0],"6":[0,0],"7":[0,0],"8":[0,0],"9":[0,0],"10":[0,0],"11":[0,0],"12":[0,0],"13":[0,0],"14":[0,0],"15":[0,0],"16":[0,0],"17":[0,0],"18":[0,0],"19":[0,0],"20":[0,0],"21":[0,0],"22":[0,0],"23":[0,0],"24":[0,0],"25":[0,0],"26":[0,0],"27":[0,0],"28":[0,0],"29":[0,0],"30":[0,0]}}
,"E:\\luyentaphe\\portfolio\\Xet Chi Tieu\\backend\\src\\utils\\errors.ts": {"path":"E:\\luyentaphe\\portfolio\\Xet Chi Tieu\\backend\\src\\utils\\errors.ts","statementMap":{"0":{"start":{"line":2,"column":13},"end":{"line":9,"column":11}},"1":{"start":{"line":19,"column":4},"end":{"line":19,"column":19}},"2":{"start":{"line":20,"column":4},"end":{"line":20,"column":33}},"3":{"start":{"line":21,"column":4},"end":{"line":21,"column":21}},"4":{"start":{"line":22,"column":4},"end":{"line":22,"column":27}},"5":{"start":{"line":23,"column":4},"end":{"line":23,"column":52}},"6":{"start":{"line":27,"column":4},"end":{"line":27,"column":62}},"7":{"start":{"line":31,"column":4},"end":{"line":31,"column":59}},"8":{"start":{"line":35,"column":4},"end":{"line":35,"column":59}},"9":{"start":{"line":39,"column":4},"end":{"line":39,"column":58}},"10":{"start":{"line":43,"column":4},"end":{"line":43,"column":66}},"11":{"start":{"line":14,"column":0},"end":{"line":14,"column":13}}},"fnMap":{"0":{"name":"(anonymous_0)","decl":{"start":{"line":18,"column":2},"end":{"line":18,"column":14}},"loc":{"start":{"line":18,"column":66},"end":{"line":24,"column":3}}},"1":{"name":"(anonymous_1)","decl":{"start":{"line":26,"column":2},"end":{"line":26,"column":8}},"loc":{"start":{"line":26,"column":46},"end":{"line":28,"column":3}}},"2":{"name":"(anonymous_2)","decl":{"start":{"line":30,"column":2},"end":{"line":30,"column":8}},"loc":{"start":{"line":30,"column":40},"end":{"line":32,"column":3}}},"3":{"name":"(anonymous_3)","decl":{"start":{"line":34,"column":2},"end":{"line":34,"column":8}},"loc":{"start":{"line":34,"column":48},"end":{"line":36,"column":3}}},"4":{"name":"(anonymous_4)","decl":{"start":{"line":38,"column":2},"end":{"line":38,"column":8}},"loc":{"start":{"line":38,"column":38},"end":{"line":40,"column":3}}},"5":{"name":"(anonymous_5)","decl":{"start":{"line":42,"column":2},"end":{"line":42,"column":8}},"loc":{"start":{"line":42,"column":48},"end":{"line":44,"column":3}}}},"branchMap":{"0":{"loc":{"start":{"line":26,"column":22},"end":{"line":26,"column":46}},"type":"default-arg","locations":[{"start":{"line":26,"column":32},"end":{"line":26,"column":46}}]},"1":{"loc":{"start":{"line":30,"column":19},"end":{"line":30,"column":40}},"type":"default-arg","locations":[{"start":{"line":30,"column":29},"end":{"line":30,"column":40}}]},"2":{"loc":{"start":{"line":34,"column":18},"end":{"line":34,"column":48}},"type":"default-arg","locations":[{"start":{"line":34,"column":28},"end":{"line":34,"column":48}}]},"3":{"loc":{"start":{"line":38,"column":18},"end":{"line":38,"column":38}},"type":"default-arg","locations":[{"start":{"line":38,"column":28},"end":{"line":38,"column":38}}]},"4":{"loc":{"start":{"line":42,"column":20},"end":{"line":42,"column":48}},"type":"default-arg","locations":[{"start":{"line":42,"column":30},"end":{"line":42,"column":48}}]}},"s":{"0":2,"1":7,"2":7,"3":7,"4":7,"5":7,"6":3,"7":1,"8":1,"9":1,"10":1,"11":2},"f":{"0":7,"1":3,"2":1,"3":1,"4":1,"5":1},"b":{"0":[0],"1":[1],"2":[1],"3":[0],"4":[0]}}
,"E:\\luyentaphe\\portfolio\\Xet Chi Tieu\\backend\\src\\validators\\index.ts": {"path":"E:\\luyentaphe\\portfolio\\Xet Chi Tieu\\backend\\src\\validators\\index.ts","statementMap":{"0":{"start":{"line":1,"column":0},"end":{"line":1,"column":24}},"1":{"start":{"line":6,"column":13},"end":{"line":14,"column":3}},"2":{"start":{"line":16,"column":13},"end":{"line":19,"column":3}},"3":{"start":{"line":24,"column":13},"end":{"line":30,"column":3}},"4":{"start":{"line":32,"column":13},"end":{"line":32,"column":73}},"5":{"start":{"line":34,"column":13},"end":{"line":43,"column":3}},"6":{"start":{"line":48,"column":13},"end":{"line":52,"column":3}},"7":{"start":{"line":57,"column":13},"end":{"line":62,"column":3}},"8":{"start":{"line":67,"column":13},"end":{"line":72,"column":3}},"9":{"start":{"line":74,"column":13},"end":{"line":76,"column":3}},"10":{"start":{"line":81,"column":13},"end":{"line":86,"column":3}}},"fnMap":{},"branchMap":{},"s":{"0":0,"1":0,"2":0,"3":0,"4":0,"5":0,"6":0,"7":0,"8":0,"9":0,"10":0},"f":{},"b":{}}
}
